# JRE version: Java(TM) SE Runtime Environment (11.0.2+9) (build 11.0.2+9-LTS)
# Java VM: Java HotSpot(TM) 64-Bit Server VM (11.0.2+9-LTS, mixed mode, tiered, compressed oops, g1 gc, windows-amd64)
Heap:
 garbage-first heap   total 129024K, used 65559K [0x0000000082200000, 0x0000000100000000)
  region size 1024K, 57 young (58368K), 1 survivors (1024K)
 Metaspace       used 30314K, capacity 31208K, committed 31488K, reserved 1077248K
  class space    used 3649K, capacity 3995K, committed 4096K, reserved 1048576K
GC Heap History (6 events):
Event: 0.553 GC heap before
{Heap before GC invocations=0 (full 0):
 garbage-first heap   total 129024K, used 23552K [0x0000000082200000, 0x0000000100000000)
  region size 1024K, 24 young (24576K), 0 survivors (0K)
 Metaspace       used 10639K, capacity 10857K, committed 11136K, reserved 1058816K
  class space    used 1011K, capacity 1097K, committed 1152K, reserved 1048576K
}
Event: 0.560 GC heap after
{Heap after GC invocations=1 (full 0):
 garbage-first heap   total 129024K, used 6560K [0x0000000082200000, 0x0000000100000000)
  region size 1024K, 3 young (3072K), 3 survivors (3072K)
 Metaspace       used 10639K, capacity 10857K, committed 11136K, reserved 1058816K
  class space    used 1011K, capacity 1097K, committed 1152K, reserved 1048576K
}
Event: 2.712 GC heap before
{Heap before GC invocations=1 (full 0):
 garbage-first heap   total 129024K, used 66976K [0x0000000082200000, 0x0000000100000000)
  region size 1024K, 63 young (64512K), 3 survivors (3072K)
 Metaspace       used 20467K, capacity 21137K, committed 21248K, reserved 1069056K
  class space    used 2289K, capacity 2536K, committed 2560K, reserved 1048576K
}
Event: 2.726 GC heap after
{Heap after GC invocations=2 (full 0):
 garbage-first heap   total 129024K, used 9058K [0x0000000082200000, 0x0000000100000000)
  region size 1024K, 6 young (6144K), 6 survivors (6144K)
 Metaspace       used 20467K, capacity 21137K, committed 21248K, reserved 1069056K
  class space    used 2289K, capacity 2536K, committed 2560K, reserved 1048576K
}
Event: 2.926 GC heap before
{Heap before GC invocations=3 (full 0):
 garbage-first heap   total 129024K, used 17250K [0x0000000082200000, 0x0000000100000000)
  region size 1024K, 15 young (15360K), 6 survivors (6144K)
 Metaspace       used 21862K, capacity 22438K, committed 22528K, reserved 1069056K
  class space    used 2474K, capacity 2734K, committed 2816K, reserved 1048576K
}
Event: 2.935 GC heap after
{Heap after GC invocations=4 (full 0):
 garbage-first heap   total 129024K, used 9239K [0x0000000082200000, 0x0000000100000000)
  region size 1024K, 1 young (1024K), 1 survivors (1024K)
 Metaspace       used 21862K, capacity 22438K, committed 22528K, reserved 1069056K
  class space    used 2474K, capacity 2734K, committed 2816K, reserved 1048576K
}

